[Session log:2011/12/15 09:06:23]--------------------
directory=C:\workspaces\ws_ubuntu_1
time_label=20111215_090623
Project type: cpp
Directory created: C:\workspaces\ws_ubuntu_1\G20111215_090623_CExam_class2
Directory created: C:\workspaces\ws_ubuntu_1\G20111215_090623_CExam_class2\STOR_G20111215_090623_CExam_class2
Directory created: C:\workspaces\ws_ubuntu_1\G20111215_090623_CExam_class2\log
cpp files created[2011/12/15 09:06:24]
[/Session log:2011/12/15 09:06:24]--------------------

[Session log:2012/01/12 18:08:00]--------------------
[Session log:2012/01/12 18:08:35]--------------------
directory=C:\workspaces\ws_ubuntu_1
time_label=20120112_180835
Project type: ruby
Directory created: C:\workspaces\ws_ubuntu_1\G20120112_180835_learn_Rails_1
Directory created: C:\workspaces\ws_ubuntu_1\G20120112_180835_learn_Rails_1\STOR_G20120112_180835_learn_Rails_1
Directory created: C:\workspaces\ws_ubuntu_1\G20120112_180835_learn_Rails_1\log
Ruby files created[2012/01/12 18:08:36]
[/Session log:2012/01/12 18:08:36]--------------------

[Session log:2012/01/25 17:53:20]--------------------
directory=C:\workspaces\ws_ubuntu_1
time_label=20120125_175320
Project type: java
Directory created: C:\workspaces\ws_ubuntu_1\G20120125_175320_JExam_class3
Directory created: C:\workspaces\ws_ubuntu_1\G20120125_175320_JExam_class3\STOR_G20120125_175320_JExam_class3
Directory created: C:\workspaces\ws_ubuntu_1\G20120125_175320_JExam_class3\log
java files created[2012/01/25 17:53:20]
[/Session log:2012/01/25 17:53:20]--------------------

[Session log:2012/01/25 18:04:02]--------------------
directory=C:\workspaces\ws_ubuntu_1
time_label=20120125_180402
Project type: java
Directory created: C:\workspaces\ws_ubuntu_1\G20120125_180402_G20120125_175320_JExam_class3
Directory created: C:\workspaces\ws_ubuntu_1\G20120125_180402_G20120125_175320_JExam_class3\STOR_G20120125_180402_G20120125_175320_JExam_class3
Directory created: C:\workspaces\ws_ubuntu_1\G20120125_180402_G20120125_175320_JExam_class3\log
java files created[2012/01/25 18:04:02]
[/Session log:2012/01/25 18:04:02]--------------------

[Session log:2012/01/25 18:13:46]--------------------
directory=C:\workspaces\ws_ubuntu_1
time_label=20120125_181346
Project type: java
Directory created: C:\workspaces\ws_ubuntu_1\G20120125_181346_test
Directory created: C:\workspaces\ws_ubuntu_1\G20120125_181346_test\STOR_G20120125_181346_test
Directory created: C:\workspaces\ws_ubuntu_1\G20120125_181346_test\log
java files created[2012/01/25 18:13:46]
[/Session log:2012/01/25 18:13:46]--------------------

[Session log:2012/01/30 11:02:30]--------------------
directory=C:\workspaces\ws_ubuntu_1
time_label=20120130_110230
Project type: java
Directory created: C:\workspaces\ws_ubuntu_1\G20120130_110230_J_learn_01
Directory created: C:\workspaces\ws_ubuntu_1\G20120130_110230_J_learn_01\STOR_G20120130_110230_J_learn_01
Directory created: C:\workspaces\ws_ubuntu_1\G20120130_110230_J_learn_01\log
java files created[2012/01/30 11:02:31]
[/Session log:2012/01/30 11:02:31]--------------------

[Session log:2012/02/02 07:28:02]--------------------
directory=C:\workspaces\ws_ubuntu_1
time_label=20120202_072802
Project type: cpp
Directory created: C:\workspaces\ws_ubuntu_1\G20120202_072802_CExam_class1
Directory created: C:\workspaces\ws_ubuntu_1\G20120202_072802_CExam_class1\STOR_G20120202_072802_CExam_class1
Directory created: C:\workspaces\ws_ubuntu_1\G20120202_072802_CExam_class1\log
cpp files created[2012/02/02 07:28:02]
[/Session log:2012/02/02 07:28:02]--------------------

[Session log:2012/02/05 11:10:17]--------------------
directory=C:\workspaces\ws_ubuntu_1
time_label=20120205_111017
Project type: java
Directory created: C:\workspaces\ws_ubuntu_1\G20120205_111017_test
Directory created: C:\workspaces\ws_ubuntu_1\G20120205_111017_test\STOR_G20120205_111017_test
Directory created: C:\workspaces\ws_ubuntu_1\G20120205_111017_test\log
java files created[2012/02/05 11:10:17]
[/Session log:2012/02/05 11:10:17]--------------------

