[log 2011/11/10 10:31:56] ------------------------
<job>: Versioning
File: ng.py
	Version file: version~ng.py=1.0
	New version file: version~ng.py=1.1
[/log 2011/11/10 10:31:56] ------------------------

[log 2011/11/10 10:33:10] ------------------------
<job>: Versioning
File: ng.py
	Version file: version~ng.py=1.1
	New version file: version~ng.py=1.2
[/log 2011/11/10 10:33:10] ------------------------

[log 2011/11/10 10:33:42] ------------------------
<job>: Versioning
File: ng.py
	Version file: version~ng.py=1.2
	New version file: version~ng.py=1.3
[/log 2011/11/10 10:33:42] ------------------------

[log 2011/11/10 10:35:07] ------------------------
<job>: Versioning
File: ng.py
	Version file: version~ng.py=1.3
	New version file: version~ng.py=1.4
[/log 2011/11/10 10:35:07] ------------------------

[log 2011/11/10 10:35:50] ------------------------
<job>: Versioning
File: ng.py
	Version file: version~ng.py=1.4
	New version file: version~ng.py=1.5
[/log 2011/11/10 10:35:50] ------------------------

[log 2011/11/10 10:36:35] ------------------------
<job>: Versioning
File: ng.py
	Version file: version~ng.py=1.5
	New version file: version~ng.py=1.6
[/log 2011/11/10 10:36:35] ------------------------

