[log 2011/11/18 08:24:23] ------------------------
<job>: Versioning
File: upload.py
	Version file: version~upload.py=7.2
	New version file: version~upload.py=7.3
[/log 2011/11/18 08:24:23] ------------------------

[log 2011/11/18 08:24:23] ------------------------
<job>: Logging
File: upload.py
	[v=7.2] clean up
[/log 2011/11/18 08:24:23] ------------------------

[log 2011/11/18 10:16:02] ------------------------
<job>: Versioning
File: upload.py
	Version file: version~upload.py=7.3
	New version file: version~upload.py=7.4
[/log 2011/11/18 10:16:02] ------------------------

[log 2011/11/18 10:16:02] ------------------------
<job>: Logging
File: upload.py
	[v=7.3] clean up
[/log 2011/11/18 10:16:02] ------------------------

