[log 2011/11/10 10:31:16] ------------------------
<job>: Versioning
File: util.bat
	Version file: version~util.bat=1.0
	New version file: version~util.bat=1.1
[/log 2011/11/10 10:31:16] ------------------------

[log 2011/11/10 10:31:56] ------------------------
<job>: Versioning
File: util.bat
	Version file: version~util.bat=1.1
	New version file: version~util.bat=1.2
[/log 2011/11/10 10:31:56] ------------------------

[log 2011/11/10 10:33:10] ------------------------
<job>: Versioning
File: util.bat
	Version file: version~util.bat=1.2
	New version file: version~util.bat=1.3
[/log 2011/11/10 10:33:10] ------------------------

[log 2011/11/10 10:33:42] ------------------------
<job>: Versioning
File: util.bat
	Version file: version~util.bat=1.3
	New version file: version~util.bat=1.4
[/log 2011/11/10 10:33:42] ------------------------

[log 2011/11/10 10:34:14] ------------------------
<job>: Versioning
File: util.bat
	Version file: version~util.bat=1.4
	New version file: version~util.bat=1.5
[/log 2011/11/10 10:34:15] ------------------------

[log 2011/11/10 10:35:07] ------------------------
<job>: Versioning
File: util.bat
	Version file: version~util.bat=1.5
	New version file: version~util.bat=1.6
[/log 2011/11/10 10:35:07] ------------------------

[log 2011/11/10 10:35:50] ------------------------
<job>: Versioning
File: util.bat
	Version file: version~util.bat=1.6
	New version file: version~util.bat=1.7
[/log 2011/11/10 10:35:50] ------------------------

[log 2011/11/10 10:36:35] ------------------------
<job>: Versioning
File: util.bat
	Version file: version~util.bat=1.7
	New version file: version~util.bat=1.8
[/log 2011/11/10 10:36:35] ------------------------

